{
  "RSpec": {
    "coverage": {
      "/home/cabox/workspace/app/models/city.rb": [
        1,
        1,
        1,
        null,
        1,
        3,
        null,
        null,
        1,
        1,
        3,
        3,
        0,
        0,
        null,
        null,
        null
      ],
      "/home/cabox/workspace/app/models/student.rb": [
        1,
        1,
        null
      ],
      "/home/cabox/workspace/app/controllers/cities_controller.rb": [
        1,
        1,
        null,
        null,
        null,
        1,
        1,
        null,
        null,
        null,
        null,
        1,
        null,
        null,
        null,
        1,
        1,
        null,
        null,
        null,
        1,
        null,
        null,
        null,
        null,
        1,
        2,
        null,
        2,
        2,
        2,
        1,
        null,
        2,
        1,
        null,
        null,
        null,
        null,
        null,
        null,
        1,
        1,
        1,
        2,
        1,
        null,
        0,
        0,
        null,
        null,
        null,
        null,
        null,
        null,
        1,
        1,
        1,
        2,
        1,
        null,
        null,
        null,
        1,
        null,
        1,
        4,
        null,
        null,
        null,
        1,
        3,
        null,
        null
      ],
      "/home/cabox/workspace/app/controllers/application_controller.rb": [
        1,
        null,
        null,
        1,
        null
      ],
      "/home/cabox/workspace/app/helpers/application_helper.rb": [
        1,
        null
      ],
      "/home/cabox/workspace/app/helpers/cities_helper.rb": [
        1,
        null
      ],
      "/home/cabox/workspace/app/helpers/students_helper.rb": [
        1,
        null
      ],
      "/home/cabox/workspace/app/helpers/welcome_helper.rb": [
        1,
        null
      ],
      "/home/cabox/workspace/app/controllers/students_controller.rb": [
        1,
        1,
        null,
        null,
        null,
        1,
        1,
        null,
        null,
        null,
        null,
        1,
        null,
        null,
        null,
        1,
        1,
        null,
        null,
        null,
        1,
        null,
        null,
        null,
        null,
        1,
        2,
        null,
        2,
        2,
        2,
        1,
        null,
        2,
        1,
        null,
        null,
        null,
        null,
        null,
        null,
        1,
        1,
        1,
        2,
        1,
        null,
        0,
        0,
        null,
        null,
        null,
        null,
        null,
        null,
        1,
        1,
        1,
        2,
        1,
        null,
        null,
        null,
        1,
        null,
        1,
        4,
        null,
        null,
        null,
        1,
        3,
        null,
        null
      ],
      "/home/cabox/workspace/app/controllers/welcome_controller.rb": [
        1,
        null
      ]
    },
    "timestamp": 1521838788
  }
}
